ixacabA
RelĂąmpago
ogapmâleR
Borboleta
atelobroB
Estrela
alertsE
ContemplaĂ§ĂŁo
oăçalpmetnoC
Labirinto
otniribaL
Girassol
lossariG
Oceano
onaecO
Fortaleza
azelatroF
Nevado
odaveN
Horizonte
etnoziroH
Melodia
aidoleM
Espelho
ohlepsE
Alquimia
aimiuqlA
Jasmin
nimsaJ
Vendaval
lavadneV
Horizonte
etnoziroH
Paleta
atelaP
RapsĂłdia
aidóspaR
Ternura
arunreT
Nectarina
aniratceN
Esmeralda
adlaremsE
Baleia
aielaB
Primavera
arevamirP
RelĂłgio
oigóleR
Cristal
latsirC
Nebulosa
asolubeN
Sonata
atanoS
Serenidade
edadinereS
Aurora
aroruA
GalĂĄxia
aixálaG
Odisseia
aiessidO
Veludo
oduleV
Girassol
lossariG
Nevasca
acsaveN
Brisa
asirB
Sinfonia
ainofniS
SĂąndalo
oladnâS
Ermo
omrE
Labirinto
otniribaL
Penumbra
arbmuneP
Miragem
megariM
Horizonte
etnoziroH
Safira
arifaS
Musgo
ogsuM
Viagem
megaiV
Cofre
erfoC
Enigma
amginE
Tranquilidade
edadiliuqnarT
Orvalho
ohlavrO
FIM
